celiac
coeliac
celiac's
coeliac's
asperger's
aspergers
congenital hip
cracked nipple
chlamydia
chlamidia
klebsiella
helicobacter pylori
helicobacter
zika
hepatocellular cancer
trichomycosis
obsessive compulsive
dupuytren's
dupuytrens
alzheimer's
alzheimers
polycystic
digeorge
digeorge's
bipolar
sickle cell
sickle-cell
reye's
reyes
osgood schlatter
legionnaires'
legionnaire's
legionnaires
huntington's
huntingtons
guillain-barre
guillain barre
duchenne's
duchennes
parkinson's
parkinsons
ankylosing
addison's
addisons
coeliac
celiac
crohn's
crohns
devic's
devics
reiter's
reiters
mucha-habermann
churg-strauss
dressler's
dresslers
goodpasture's
goodpastures
sjogren
sjogren's
sjogrens
tolosa-hunt
tolosa hunt
autoimmune polyglandular
